{"D:\\react-native\\ManageSchedule\\calendar\\component\\daycomponent.js": {"path":"D:\\react-native\\ManageSchedule\\calendar\\component\\daycomponent.js","statementMap":{"0":{"start":{"line":6,"column":21},"end":{"line":28,"column":1}},"1":{"start":{"line":7,"column":19},"end":{"line":7,"column":60}},"2":{"start":{"line":8,"column":15},"end":{"line":8,"column":46}},"3":{"start":{"line":9,"column":2},"end":{"line":27,"column":4}},"4":{"start":{"line":30,"column":29},"end":{"line":40,"column":1}},"5":{"start":{"line":31,"column":2},"end":{"line":39,"column":3}},"6":{"start":{"line":32,"column":4},"end":{"line":36,"column":6}},"7":{"start":{"line":38,"column":4},"end":{"line":38,"column":16}},"8":{"start":{"line":42,"column":15},"end":{"line":52,"column":2}},"9":{"start":{"line":54,"column":19},"end":{"line":61,"column":2}},"10":{"start":{"line":63,"column":25},"end":{"line":76,"column":2}},"11":{"start":{"line":78,"column":23},"end":{"line":85,"column":2}}},"fnMap":{"0":{"name":"(anonymous_0)","decl":{"start":{"line":6,"column":21},"end":{"line":6,"column":22}},"loc":{"start":{"line":6,"column":49},"end":{"line":28,"column":1}},"line":6},"1":{"name":"(anonymous_1)","decl":{"start":{"line":30,"column":29},"end":{"line":30,"column":30}},"loc":{"start":{"line":30,"column":41},"end":{"line":40,"column":1}},"line":30}},"branchMap":{"0":{"loc":{"start":{"line":17,"column":12},"end":{"line":17,"column":79}},"type":"cond-expr","locations":[{"start":{"line":17,"column":35},"end":{"line":17,"column":56}},{"start":{"line":17,"column":59},"end":{"line":17,"column":79}}],"line":17},"1":{"loc":{"start":{"line":31,"column":2},"end":{"line":39,"column":3}},"type":"if","locations":[{"start":{"line":31,"column":2},"end":{"line":39,"column":3}},{"start":{"line":31,"column":2},"end":{"line":39,"column":3}}],"line":31},"2":{"loc":{"start":{"line":31,"column":6},"end":{"line":31,"column":22}},"type":"binary-expr","locations":[{"start":{"line":31,"column":6},"end":{"line":31,"column":10}},{"start":{"line":31,"column":14},"end":{"line":31,"column":22}}],"line":31}},"s":{"0":1,"1":5,"2":5,"3":5,"4":1,"5":8,"6":7,"7":1,"8":1,"9":1,"10":1,"11":1},"f":{"0":5,"1":8},"b":{"0":[1,4],"1":[7,1],"2":[8,8]},"_coverageSchema":"1a1c01bbd47fc00a2c39e90264f33305004495a9","hash":"e719606c59bc72d1ce485249d03837e87909dd6c"}
,"D:\\react-native\\ManageSchedule\\lib\\calcWork.js": {"path":"D:\\react-native\\ManageSchedule\\lib\\calcWork.js","statementMap":{"0":{"start":{"line":1,"column":24},"end":{"line":16,"column":1}},"1":{"start":{"line":2,"column":19},"end":{"line":5,"column":3}},"2":{"start":{"line":7,"column":20},"end":{"line":7,"column":52}},"3":{"start":{"line":8,"column":19},"end":{"line":8,"column":48}},"4":{"start":{"line":10,"column":16},"end":{"line":10,"column":49}},"5":{"start":{"line":11,"column":19},"end":{"line":11,"column":55}},"6":{"start":{"line":12,"column":2},"end":{"line":14,"column":55}},"7":{"start":{"line":15,"column":2},"end":{"line":15,"column":35}},"8":{"start":{"line":18,"column":20},"end":{"line":20,"column":1}},"9":{"start":{"line":19,"column":2},"end":{"line":19,"column":68}},"10":{"start":{"line":22,"column":21},"end":{"line":29,"column":1}},"11":{"start":{"line":23,"column":17},"end":{"line":23,"column":33}},"12":{"start":{"line":24,"column":14},"end":{"line":24,"column":38}},"13":{"start":{"line":25,"column":15},"end":{"line":25,"column":39}},"14":{"start":{"line":26,"column":14},"end":{"line":26,"column":39}},"15":{"start":{"line":28,"column":2},"end":{"line":28,"column":68}}},"fnMap":{"0":{"name":"(anonymous_0)","decl":{"start":{"line":1,"column":24},"end":{"line":1,"column":25}},"loc":{"start":{"line":1,"column":46},"end":{"line":16,"column":1}},"line":1},"1":{"name":"(anonymous_1)","decl":{"start":{"line":18,"column":20},"end":{"line":18,"column":21}},"loc":{"start":{"line":18,"column":46},"end":{"line":20,"column":1}},"line":18},"2":{"name":"(anonymous_2)","decl":{"start":{"line":22,"column":21},"end":{"line":22,"column":22}},"loc":{"start":{"line":22,"column":33},"end":{"line":29,"column":1}},"line":22}},"branchMap":{"0":{"loc":{"start":{"line":12,"column":2},"end":{"line":14,"column":54}},"type":"cond-expr","locations":[{"start":{"line":13,"column":6},"end":{"line":13,"column":16}},{"start":{"line":14,"column":7},"end":{"line":14,"column":53}}],"line":12}},"s":{"0":1,"1":8,"2":8,"3":8,"4":8,"5":8,"6":8,"7":8,"8":1,"9":8,"10":1,"11":8,"12":8,"13":8,"14":8,"15":8},"f":{"0":8,"1":8,"2":8},"b":{"0":[8,0]},"_coverageSchema":"1a1c01bbd47fc00a2c39e90264f33305004495a9","hash":"b4d873cab1d44fcb16863a195727b280717bf24c"}
,"D:\\react-native\\ManageSchedule\\lib\\setHeight.js": {"path":"D:\\react-native\\ManageSchedule\\lib\\setHeight.js","statementMap":{"0":{"start":{"line":5,"column":21},"end":{"line":5,"column":52}},"1":{"start":{"line":7,"column":26},"end":{"line":9,"column":1}},"2":{"start":{"line":8,"column":2},"end":{"line":8,"column":30}},"3":{"start":{"line":11,"column":32},"end":{"line":13,"column":1}},"4":{"start":{"line":12,"column":2},"end":{"line":12,"column":54}},"5":{"start":{"line":15,"column":25},"end":{"line":17,"column":1}},"6":{"start":{"line":16,"column":2},"end":{"line":16,"column":33}},"7":{"start":{"line":19,"column":31},"end":{"line":26,"column":1}},"8":{"start":{"line":21,"column":4},"end":{"line":24,"column":25}},"9":{"start":{"line":25,"column":2},"end":{"line":25,"column":26}},"10":{"start":{"line":27,"column":35},"end":{"line":27,"column":60}},"11":{"start":{"line":28,"column":35},"end":{"line":28,"column":66}},"12":{"start":{"line":29,"column":37},"end":{"line":29,"column":55}},"13":{"start":{"line":30,"column":28},"end":{"line":30,"column":45}}},"fnMap":{"0":{"name":"(anonymous_0)","decl":{"start":{"line":7,"column":26},"end":{"line":7,"column":27}},"loc":{"start":{"line":7,"column":35},"end":{"line":9,"column":1}},"line":7},"1":{"name":"(anonymous_1)","decl":{"start":{"line":11,"column":32},"end":{"line":11,"column":33}},"loc":{"start":{"line":11,"column":41},"end":{"line":13,"column":1}},"line":11},"2":{"name":"(anonymous_2)","decl":{"start":{"line":15,"column":25},"end":{"line":15,"column":26}},"loc":{"start":{"line":15,"column":31},"end":{"line":17,"column":1}},"line":15},"3":{"name":"(anonymous_3)","decl":{"start":{"line":19,"column":31},"end":{"line":19,"column":32}},"loc":{"start":{"line":19,"column":37},"end":{"line":26,"column":1}},"line":19}},"branchMap":{},"s":{"0":1,"1":1,"2":1,"3":1,"4":1,"5":1,"6":1,"7":1,"8":1,"9":1,"10":1,"11":1,"12":1,"13":1},"f":{"0":1,"1":1,"2":1,"3":1},"b":{},"_coverageSchema":"1a1c01bbd47fc00a2c39e90264f33305004495a9","hash":"e15bdf700f7df6f4addc1f1ab11a78741dbc976f"}
}
