TN:
SF:calendar\component\daycomponent.js
FN:6,(anonymous_0)
FN:30,(anonymous_1)
FNF:2
FNH:2
FNDA:5,(anonymous_0)
FNDA:8,(anonymous_1)
DA:6,1
DA:7,5
DA:8,5
DA:9,5
DA:30,1
DA:31,8
DA:32,7
DA:38,1
DA:42,1
DA:54,1
DA:63,1
DA:78,1
LF:12
LH:12
BRDA:17,0,0,1
BRDA:17,0,1,4
BRDA:31,1,0,7
BRDA:31,1,1,1
BRDA:31,2,0,8
BRDA:31,2,1,8
BRF:6
BRH:6
end_of_record
TN:
SF:lib\calcWork.js
FN:1,(anonymous_0)
FN:18,(anonymous_1)
FN:22,(anonymous_2)
FNF:3
FNH:3
FNDA:8,(anonymous_0)
FNDA:8,(anonymous_1)
FNDA:8,(anonymous_2)
DA:1,1
DA:2,8
DA:7,8
DA:8,8
DA:10,8
DA:11,8
DA:12,8
DA:15,8
DA:18,1
DA:19,8
DA:22,1
DA:23,8
DA:24,8
DA:25,8
DA:26,8
DA:28,8
LF:16
LH:16
BRDA:12,0,0,8
BRDA:12,0,1,0
BRF:2
BRH:1
end_of_record
TN:
SF:lib\setHeight.js
FN:7,(anonymous_0)
FN:11,(anonymous_1)
FN:15,(anonymous_2)
FN:19,(anonymous_3)
FNF:4
FNH:4
FNDA:1,(anonymous_0)
FNDA:1,(anonymous_1)
FNDA:1,(anonymous_2)
FNDA:1,(anonymous_3)
DA:5,1
DA:7,1
DA:8,1
DA:11,1
DA:12,1
DA:15,1
DA:16,1
DA:19,1
DA:21,1
DA:25,1
DA:27,1
DA:28,1
DA:29,1
DA:30,1
LF:14
LH:14
BRF:0
BRH:0
end_of_record
